<?xml version="1.0" encoding="UTF-8"?>
<!-- Generated by org.testng.reporters.JUnitReportReporter -->
<testsuite hostname="Mehedi" failures="0" tests="1" name="exercise.Practice" time="0.008" errors="0" timestamp="2022-08-09T11:41:07 EDT" skipped="0">
  <testcase classname="exercise.Practice" name="loginTest" time="0.008"/>
  <system-out/>
</testsuite> <!-- exercise.Practice -->
